<?xml version="1.0" encoding="UTF-8"?>
<!-- Generated by org.testng.reporters.JUnitXMLReporter -->
<testsuite ignored="6" hostname="lin80027953" failures="0" tests="4" name="Test" time="16.909" errors="0" timestamp="2023-12-24T17:40:30 IST">
  <testcase classname="Tests.Logn1_Test" name="LognMethod" time="5.205"/>
  <testcase classname="Tests.CartPage_Test" name="CartPageMethd" time="4.289"/>
  <testcase classname="Tests.MultipleProducts_Test" name="MultipleproductsMethod" time="4.154"/>
  <testcase classname="Tests.ProductOrder_Test" name="ProductOrderMethod" time="3.141"/>
  <testcase classname="Tests.Driver" name="@BeforeSuite browserSetup" time="0.0">
    <ignored/>
  </testcase> <!-- @BeforeSuite browserSetup -->
  <testcase classname="Tests.Driver" name="@BeforeSuite browserSetup" time="0.0">
    <ignored/>
  </testcase> <!-- @BeforeSuite browserSetup -->
  <testcase classname="Tests.Driver" name="@AfterSuite CloseBrowser" time="0.0">
    <ignored/>
  </testcase> <!-- @AfterSuite CloseBrowser -->
  <testcase classname="Tests.Driver" name="@BeforeSuite browserSetup" time="0.0">
    <ignored/>
  </testcase> <!-- @BeforeSuite browserSetup -->
  <testcase classname="Tests.Driver" name="@AfterSuite CloseBrowser" time="0.0">
    <ignored/>
  </testcase> <!-- @AfterSuite CloseBrowser -->
  <testcase classname="Tests.Driver" name="@AfterSuite CloseBrowser" time="0.0">
    <ignored/>
  </testcase> <!-- @AfterSuite CloseBrowser -->
</testsuite> <!-- Test -->
