<?xml version="1.0" encoding="UTF-8"?>
<testng-results ignored="0" total="4" passed="4" failed="0" skipped="0">
  <reporter-output>
  </reporter-output>
  <suite started-at="2023-12-24T17:40:13 IST" name="Suite" finished-at="2023-12-24T17:40:30 IST" duration-ms="16909">
    <groups>
    </groups>
    <test started-at="2023-12-24T17:40:13 IST" name="Test" finished-at="2023-12-24T17:40:30 IST" duration-ms="16909">
      <class name="Tests.CartPage_Test">
        <test-method signature="CartPageMethd()[pri:0, instance:Tests.CartPage_Test@150ab4ed]" started-at="2023-12-24T17:40:19 IST" name="CartPageMethd" finished-at="2023-12-24T17:40:23 IST" duration-ms="4289" status="PASS">
          <reporter-output>
          </reporter-output>
        </test-method> <!-- CartPageMethd -->
      </class> <!-- Tests.CartPage_Test -->
      <class name="Tests.Logn1_Test">
        <test-method is-config="true" signature="browserSetup()[pri:0, instance:Tests.Logn1_Test@4f2c9ba6]" started-at="2023-12-24T17:40:04 IST" name="browserSetup" finished-at="2023-12-24T17:40:13 IST" duration-ms="9475" status="PASS">
          <reporter-output>
          </reporter-output>
        </test-method> <!-- browserSetup -->
        <test-method signature="LognMethod()[pri:0, instance:Tests.Logn1_Test@4f2c9ba6]" started-at="2023-12-24T17:40:13 IST" name="LognMethod" finished-at="2023-12-24T17:40:19 IST" duration-ms="5205" status="PASS">
          <reporter-output>
          </reporter-output>
        </test-method> <!-- LognMethod -->
        <test-method is-config="true" signature="CloseBrowser()[pri:0, instance:Tests.Logn1_Test@4f2c9ba6]" started-at="2023-12-24T17:40:30 IST" name="CloseBrowser" finished-at="2023-12-24T17:40:31 IST" duration-ms="1005" status="PASS">
          <reporter-output>
          </reporter-output>
        </test-method> <!-- CloseBrowser -->
      </class> <!-- Tests.Logn1_Test -->
      <class name="Tests.ProductOrder_Test">
        <test-method signature="ProductOrderMethod()[pri:0, instance:Tests.ProductOrder_Test@50fe837a]" started-at="2023-12-24T17:40:27 IST" name="ProductOrderMethod" finished-at="2023-12-24T17:40:30 IST" duration-ms="3141" status="PASS">
          <reporter-output>
          </reporter-output>
        </test-method> <!-- ProductOrderMethod -->
      </class> <!-- Tests.ProductOrder_Test -->
      <class name="Tests.MultipleProducts_Test">
        <test-method signature="MultipleproductsMethod()[pri:0, instance:Tests.MultipleProducts_Test@3c435123]" started-at="2023-12-24T17:40:23 IST" name="MultipleproductsMethod" finished-at="2023-12-24T17:40:27 IST" duration-ms="4154" status="PASS">
          <reporter-output>
          </reporter-output>
        </test-method> <!-- MultipleproductsMethod -->
      </class> <!-- Tests.MultipleProducts_Test -->
    </test> <!-- Test -->
  </suite> <!-- Suite -->
</testng-results>
